{"logTime": "1003/093822", "correlationVector":"4rcgPmL3EgUldi8reoHgik.1","action":"SyncServerConnectionManagerRequest", "result":"SYNC_SERVER_OK", "context":{"environment":"Prod_southindia_prod-s01-004-apac-southindia", "migrationStage":"NotStarted", "server":"akswtt01800004j"}}
{"logTime": "1003/093822", "correlationVector":"4rcgPmL3EgUldi8reoHgik.2","action":"ProcessGetUpdates", "result":"Done", "context":{"dataType":"Encryption Keys", "deleted":"0", "process_failed_to_decrypt":"0", "process_pending_decryption":"0", "process_success":"1", "total":"1"}}
{"logTime": "1003/093823", "correlationVector":"ZeDE84NCbWXIZnmspPcVBL","action":"SyncServerConnectionManagerRequest", "result":"SYNC_SERVER_OK", "context":{"environment":"", "migrationStage":"", "server":""}}
{"logTime": "1003/093823", "correlationVector":"ZeDE84NCbWXIZnmspPcVBL.0","action":"EncryptionKeysFetcher.DownloadKeys:", "result":"Success", "context":Key count: 2, Last key timestamp: 2025-08-26T12:17:54Z}
{"logTime": "1003/093823", "correlationVector":"ZeDE84NCbWXIZnmspPcVBL.1","action":"EncryptionKeysManager::SetEncryptionKeys:", "result":"Success", "context":Key names[2]:[PtdpN93yaPGW61NvM75AgxyKEelDVq3dNwx7goYhWLr0Fyvgp6sV6UWUYgtXv0GJd1Wb3D3R2sqKsQannxVCrA==][xVMPg/myFtCSA8oKj70YDLPhjWKA8QbNCmS8ZCIwcV7tJwAKTIc71YfkcZpk/CGQwaQ7h7zdd4Ca3GFJozcuNQ==]}
{"logTime": "1003/093823", "correlationVector":"ZeDE84NCbWXIZnmspPcVBL.2","action":"EncryptionKeysManager::SetEncryptionKeysWithTimestamps:", "result":"Success", "context":Key timestamps[2]:[2025-07-26T03:57:57Z][2025-08-26T12:17:54Z]}
{"logTime": "1003/093823", "correlationVector":"4rcgPmL3EgUldi8reoHgik","action":"Initial GetUpdates", "result":"", "context":Reason: NEW_CLIENT. cV=4rcgPmL3EgUldi8reoHgik}
{"logTime": "1003/093823", "correlationVector":"4rcgPmL3EgUldi8reoHgik.3","action":"GetUpdates Response", "result":"Success", "context":Received 1 update(s). cV=4rcgPmL3EgUldi8reoHgik.0;server=akswtt01800004j;cloudType=Consumer;environment=Prod_southindia_prod-s01-004-apac-southindia;migrationStage=NotStarted}
{"logTime": "1003/093823", "correlationVector":"icafhcwDFVCE5DfhWhnzu1","action":"Initial GetUpdates", "result":"", "context":Reason: NEWLY_SUPPORTED_DATATYPE. cV=icafhcwDFVCE5DfhWhnzu1}
{"logTime": "1003/093823", "correlationVector":"icafhcwDFVCE5DfhWhnzu1.1","action":"SyncServerConnectionManagerRequest", "result":"SYNC_SERVER_OK", "context":{"environment":"Prod_southindia_prod-s01-004-apac-southindia", "migrationStage":"NotStarted", "server":"akswtt01800003i"}}
{"logTime": "1003/093823", "correlationVector":"icafhcwDFVCE5DfhWhnzu1.2","action":"ProcessGetUpdates", "result":"Done", "context":{"dataType":"Preferences", "deleted":"0", "process_failed_to_decrypt":"0", "process_pending_decryption":"0", "process_success":"23", "total":"23"}}
{"logTime": "1003/093823", "correlationVector":"icafhcwDFVCE5DfhWhnzu1.3","action":"ProcessGetUpdates", "result":"Done", "context":{"dataType":"Device Info", "deleted":"0", "process_failed_to_decrypt":"0", "process_pending_decryption":"0", "process_success":"2", "total":"2"}}
{"logTime": "1003/093823", "correlationVector":"icafhcwDFVCE5DfhWhnzu1.4","action":"GetUpdates Response", "result":"Success", "context":Received 25 update(s). cV=icafhcwDFVCE5DfhWhnzu1.0;server=akswtt01800003i;cloudType=Consumer;environment=Prod_southindia_prod-s01-004-apac-southindia;migrationStage=NotStarted}
{"logTime": "1003/093823", "correlationVector":"qy2sE3aCTDOU/84nRrreY8","action":"Initial GetUpdates", "result":"", "context":Reason: NEWLY_SUPPORTED_DATATYPE. cV=qy2sE3aCTDOU/84nRrreY8}
{"logTime": "1003/093823", "correlationVector":"qy2sE3aCTDOU/84nRrreY8.1","action":"SyncServerConnectionManagerRequest", "result":"SYNC_SERVER_OK", "context":{"environment":"Prod_southindia_prod-s01-004-apac-southindia", "migrationStage":"NotStarted", "server":"akswtt01800004t"}}
{"logTime": "1003/093823", "correlationVector":"qy2sE3aCTDOU/84nRrreY8.2","action":"ProcessGetUpdates", "result":"Done", "context":{"dataType":"Bookmarks", "deleted":"0", "process_failed_to_decrypt":"0", "process_pending_decryption":"0", "process_success":"6", "total":"6"}}
{"logTime": "1003/093823", "correlationVector":"qy2sE3aCTDOU/84nRrreY8.3","action":"GetUpdates Response", "result":"Success", "context":Received 6 update(s). cV=qy2sE3aCTDOU/84nRrreY8.0;server=akswtt01800004t;cloudType=Consumer;environment=Prod_southindia_prod-s01-004-apac-southindia;migrationStage=NotStarted}
{"logTime": "1003/093823", "correlationVector":"rZF7+XwNj6E3Yti7XGHeeU","action":"Initial GetUpdates", "result":"", "context":Reason: NEWLY_SUPPORTED_DATATYPE. cV=rZF7+XwNj6E3Yti7XGHeeU}
{"logTime": "1003/093824", "correlationVector":"rZF7+XwNj6E3Yti7XGHeeU.1","action":"SyncServerConnectionManagerRequest", "result":"SYNC_SERVER_OK", "context":{"environment":"Prod_southindia_prod-s01-004-apac-southindia", "migrationStage":"NotStarted", "server":"akswtt018000026"}}
{"logTime": "1003/093824", "correlationVector":"rZF7+XwNj6E3Yti7XGHeeU.2","action":"ProcessGetUpdates", "result":"Done", "context":{"dataType":"Autofill", "deleted":"0", "process_failed_to_decrypt":"0", "process_pending_decryption":"0", "process_success":"1", "total":"1"}}
{"logTime": "1003/093824", "correlationVector":"rZF7+XwNj6E3Yti7XGHeeU.3","action":"ProcessGetUpdates", "result":"Done", "context":{"dataType":"Sessions", "deleted":"2", "process_failed_to_decrypt":"0", "process_pending_decryption":"0", "process_success":"2", "total":"2"}}
{"logTime": "1003/093824", "correlationVector":"rZF7+XwNj6E3Yti7XGHeeU.4","action":"GetUpdates Response", "result":"Success", "context":Received 3 update(s). cV=rZF7+XwNj6E3Yti7XGHeeU.0;server=akswtt018000026;cloudType=Consumer;environment=Prod_southindia_prod-s01-004-apac-southindia;migrationStage=NotStarted}
{"logTime": "1003/093824", "correlationVector":"pyH9TTrGaj0v6GNhwaZWhj","action":"Initial GetUpdates", "result":"", "context":Reason: NEWLY_SUPPORTED_DATATYPE. cV=pyH9TTrGaj0v6GNhwaZWhj}
{"logTime": "1003/093824", "correlationVector":"pyH9TTrGaj0v6GNhwaZWhj.1","action":"SyncServerConnectionManagerRequest", "result":"SYNC_SERVER_OK", "context":{"environment":"Prod_southindia_prod-s01-004-apac-southindia", "migrationStage":"NotStarted", "server":"akswtt01800004r"}}
{"logTime": "1003/093824", "correlationVector":"pyH9TTrGaj0v6GNhwaZWhj.2","action":"GetUpdates Response", "result":"Success", "context":Received 0 update(s). cV=pyH9TTrGaj0v6GNhwaZWhj.0;server=akswtt01800004r;cloudType=Consumer;environment=Prod_southindia_prod-s01-004-apac-southindia;migrationStage=NotStarted}
{"logTime": "1003/093824", "correlationVector":"rz8l375Pcr3hJqTz55fg0D","action":"Normal GetUpdate request", "result":"", "context":cV=rz8l375Pcr3hJqTz55fg0D
Nudged types: Sessions, Device Info, User Consents, Encryption Keys
Refresh requested types: Bookmarks, Preferences, Passwords, Autofill Profiles, Autofill, Extensions, Sessions, Extension settings, History Delete Directives, Device Info, User Consents, Send Tab To Self, Web Apps, History, Saved Tab Group, WebAuthn Credentials, Collection, Edge E Drop, Edge Hub App Usage, Edge Wallet, Encryption Keys}
{"logTime": "1003/093825", "correlationVector":"rz8l375Pcr3hJqTz55fg0D.1","action":"SyncServerConnectionManagerRequest", "result":"SYNC_SERVER_OK", "context":{"environment":"Prod_southindia_prod-s01-004-apac-southindia", "migrationStage":"NotStarted", "server":"akswtt018000010"}}
{"logTime": "1003/093825", "correlationVector":"rz8l375Pcr3hJqTz55fg0D.2","action":"GetUpdates Response", "result":"Success", "context":Received 0 update(s). cV=rz8l375Pcr3hJqTz55fg0D.0;server=akswtt018000010;cloudType=Consumer;environment=Prod_southindia_prod-s01-004-apac-southindia;migrationStage=NotStarted}
{"logTime": "1003/093825", "correlationVector":"USxAnBIDR4BsnvNMKmNPGq","action":"Commit Request", "result":"", "context":Item count: 1
Contributing types: Encryption Keys}
{"logTime": "1003/093825", "correlationVector":"USxAnBIDR4BsnvNMKmNPGq.1","action":"SyncServerConnectionManagerRequest", "result":"SYNC_SERVER_OK", "context":{"environment":"Prod_southindia_prod-s01-004-apac-southindia", "migrationStage":"NotStarted", "server":"akswtt01800000r"}}
{"logTime": "1003/093825", "correlationVector":"USxAnBIDR4BsnvNMKmNPGq.2","action":"Commit Response", "result":"Success", "context":Result: Success. cV=USxAnBIDR4BsnvNMKmNPGq.0;server=akswtt01800000r;cloudType=Consumer;environment=Prod_southindia_prod-s01-004-apac-southindia;migrationStage=NotStarted}
{"logTime": "1003/093825", "correlationVector":"oA5EfpMnhL3HcioSWDg4sB","action":"Commit Request", "result":"", "context":Item count: 4
Contributing types: Sessions, Device Info, User Consents}
{"logTime": "1003/093826", "correlationVector":"oA5EfpMnhL3HcioSWDg4sB.1","action":"SyncServerConnectionManagerRequest", "result":"SYNC_SERVER_OK", "context":{"environment":"Prod_southindia_prod-s01-004-apac-southindia", "migrationStage":"NotStarted", "server":"akswtt01800002a"}}
{"logTime": "1003/093826", "correlationVector":"oA5EfpMnhL3HcioSWDg4sB.2","action":"Commit Response", "result":"Success", "context":Result: Success. cV=oA5EfpMnhL3HcioSWDg4sB.0;server=akswtt01800002a;cloudType=Consumer;environment=Prod_southindia_prod-s01-004-apac-southindia;migrationStage=NotStarted}
{"logTime": "1003/093826", "correlationVector":"z3lGHNQL/fwSubvtsOMRw2","action":"Commit Request", "result":"", "context":Item count: 1
Contributing types: User Consents}
{"logTime": "1003/093827", "correlationVector":"z3lGHNQL/fwSubvtsOMRw2.1","action":"SyncServerConnectionManagerRequest", "result":"SYNC_SERVER_OK", "context":{"environment":"Prod_southindia_prod-s01-004-apac-southindia", "migrationStage":"NotStarted", "server":"akswtt01800003i"}}
{"logTime": "1003/093827", "correlationVector":"z3lGHNQL/fwSubvtsOMRw2.2","action":"Commit Response", "result":"Success", "context":Result: Success. cV=z3lGHNQL/fwSubvtsOMRw2.0;server=akswtt01800003i;cloudType=Consumer;environment=Prod_southindia_prod-s01-004-apac-southindia;migrationStage=NotStarted}
